<?xml version="1.0" encoding="UTF-8"?>
<!-- Generated by org.testng.reporters.JUnitXMLReporter -->
<testsuite ignored="0" hostname="DESKTOP-S7U6A62" failures="0" tests="2" name="GoogleSearchResultPageTest" time="2.971" errors="0" timestamp="10 Jan 2022 05:13:57 GMT">
  <testcase classname="tests.BaseTest" name="@BeforeTest setup" time="2.953">
    <failure type="org.openqa.selenium.SessionNotCreatedException" message="session not created: This version of ChromeDriver only supports Chrome version 95
Current browser version is 97.0.4692.71 with binary path C:\Program Files\Google\Chrome\Application\chrome.exe
Build info: version: &amp;apos;3.141.59&amp;apos;, revision: &amp;apos;e82be7d358&amp;apos;, time: &amp;apos;2018-11-14T08:17:03&amp;apos;
System info: host: &amp;apos;DESKTOP-S7U6A62&amp;apos;, ip: &amp;apos;192.168.0.105&amp;apos;, os.name: &amp;apos;Windows 10&amp;apos;, os.arch: &amp;apos;amd64&amp;apos;, os.version: &amp;apos;10.0&amp;apos;, java.version: &amp;apos;15.0.2&amp;apos;
Driver info: driver.version: ChromeDriver
remote stacktrace: Backtrace:
	Ordinal0 [0x011406F3+2492147]
	Ordinal0 [0x010D9BD1+2071505]
	Ordinal0 [0x00FE2478+1057912]
	Ordinal0 [0x01000631+1181233]
	Ordinal0 [0x00FFC43B+1164347]
	Ordinal0 [0x00FF9C9F+1154207]
	Ordinal0 [0x01029DFF+1351167]
	Ordinal0 [0x01029A6A+1350250]
	Ordinal0 [0x0102568B+1332875]
	Ordinal0 [0x010021D4+1188308]
	Ordinal0 [0x0100302F+1191983]
	GetHandleVerifier [0x012C67A6+1545030]
	GetHandleVerifier [0x0137105C+2243580]
	GetHandleVerifier [0x011CBC97+518199]
	GetHandleVerifier [0x011CAD80+514336]
	Ordinal0 [0x010DED2D+2092333]
	Ordinal0 [0x010E2EE8+2109160]
	Ordinal0 [0x010E3022+2109474]
	Ordinal0 [0x010ECB71+2149233]
	BaseThreadInitThunk [0x75AF6739+25]
	RtlGetFullPathName_UEx [0x77278AFF+1215]
	RtlGetFullPathName_UEx [0x77278ACD+1165]
">
      <![CDATA[org.openqa.selenium.SessionNotCreatedException: session not created: This version of ChromeDriver only supports Chrome version 95
Current browser version is 97.0.4692.71 with binary path C:\Program Files\Google\Chrome\Application\chrome.exe
Build info: version: '3.141.59', revision: 'e82be7d358', time: '2018-11-14T08:17:03'
System info: host: 'DESKTOP-S7U6A62', ip: '192.168.0.105', os.name: 'Windows 10', os.arch: 'amd64', os.version: '10.0', java.version: '15.0.2'
Driver info: driver.version: ChromeDriver
remote stacktrace: Backtrace:
Ordinal0 [0x011406F3+2492147]
Ordinal0 [0x010D9BD1+2071505]
Ordinal0 [0x00FE2478+1057912]
Ordinal0 [0x01000631+1181233]
Ordinal0 [0x00FFC43B+1164347]
Ordinal0 [0x00FF9C9F+1154207]
Ordinal0 [0x01029DFF+1351167]
Ordinal0 [0x01029A6A+1350250]
Ordinal0 [0x0102568B+1332875]
Ordinal0 [0x010021D4+1188308]
Ordinal0 [0x0100302F+1191983]
GetHandleVerifier [0x012C67A6+1545030]
GetHandleVerifier [0x0137105C+2243580]
GetHandleVerifier [0x011CBC97+518199]
GetHandleVerifier [0x011CAD80+514336]
Ordinal0 [0x010DED2D+2092333]
Ordinal0 [0x010E2EE8+2109160]
Ordinal0 [0x010E3022+2109474]
Ordinal0 [0x010ECB71+2149233]
BaseThreadInitThunk [0x75AF6739+25]
RtlGetFullPathName_UEx [0x77278AFF+1215]
RtlGetFullPathName_UEx [0x77278ACD+1165]

at org.openqa.selenium.remote.W3CHandshakeResponse.lambda$errorHandler$0(W3CHandshakeResponse.java:62)
at org.openqa.selenium.remote.HandshakeResponse.lambda$getResponseFunction$0(HandshakeResponse.java:30)
at org.openqa.selenium.remote.ProtocolHandshake.lambda$createSession$0(ProtocolHandshake.java:126)
at java.base/java.util.stream.ReferencePipeline$3$1.accept(ReferencePipeline.java:195)
at java.base/java.util.Spliterators$ArraySpliterator.tryAdvance(Spliterators.java:958)
at java.base/java.util.stream.ReferencePipeline.forEachWithCancel(ReferencePipeline.java:127)
at java.base/java.util.stream.AbstractPipeline.copyIntoWithCancel(AbstractPipeline.java:502)
at java.base/java.util.stream.AbstractPipeline.copyInto(AbstractPipeline.java:488)
at java.base/java.util.stream.AbstractPipeline.wrapAndCopyInto(AbstractPipeline.java:474)
at java.base/java.util.stream.FindOps$FindOp.evaluateSequential(FindOps.java:150)
at java.base/java.util.stream.AbstractPipeline.evaluate(AbstractPipeline.java:234)
at java.base/java.util.stream.ReferencePipeline.findFirst(ReferencePipeline.java:543)
at org.openqa.selenium.remote.ProtocolHandshake.createSession(ProtocolHandshake.java:128)
at org.openqa.selenium.remote.ProtocolHandshake.createSession(ProtocolHandshake.java:74)
at org.openqa.selenium.remote.HttpCommandExecutor.execute(HttpCommandExecutor.java:136)
at org.openqa.selenium.remote.service.DriverCommandExecutor.execute(DriverCommandExecutor.java:83)
at org.openqa.selenium.remote.RemoteWebDriver.execute(RemoteWebDriver.java:552)
at org.openqa.selenium.remote.RemoteWebDriver.startSession(RemoteWebDriver.java:213)
at org.openqa.selenium.remote.RemoteWebDriver.<init>(RemoteWebDriver.java:131)
at org.openqa.selenium.chrome.ChromeDriver.<init>(ChromeDriver.java:181)
at org.openqa.selenium.chrome.ChromeDriver.<init>(ChromeDriver.java:168)
at org.openqa.selenium.chrome.ChromeDriver.<init>(ChromeDriver.java:123)
at tests.BaseTest.setup(BaseTest.java:15)
at java.base/java.util.concurrent.FutureTask.run(FutureTask.java:264)
at java.base/java.util.concurrent.ThreadPoolExecutor.runWorker(ThreadPoolExecutor.java:1130)
at java.base/java.util.concurrent.ThreadPoolExecutor$Worker.run(ThreadPoolExecutor.java:630)
at java.base/java.lang.Thread.run(Thread.java:832)
... Removed 20 stack frames]]>
    </failure>
  </testcase> <!-- @BeforeTest setup -->
  <testcase classname="tests.BaseTest" name="@AfterTest tearDown" time="0.0">
    <skipped/>
  </testcase> <!-- @AfterTest tearDown -->
  <testcase classname="tests.SearchResultPageTest" name="searchResultTest" time="0.0">
    <skipped/>
  </testcase> <!-- searchResultTest -->
  <testcase classname="tests.SearchResultPageTest" name="searchResultTest" time="0.0">
    <skipped/>
  </testcase> <!-- searchResultTest -->
</testsuite> <!-- GoogleSearchResultPageTest -->
