<?xml version="1.0" encoding="UTF-8"?>
<!-- Generated by org.testng.reporters.JUnitReportReporter -->
<testsuite hostname="DESKTOP-S7U6A62" failures="0" tests="3" name="tests.SearchResultPageTest" time="2.953" errors="1" timestamp="10 Jan 2022 05:13:57 GMT" skipped="2">
  <testcase classname="tests.SearchResultPageTest" name="setup" time="2.953">
    <error message="session not created: This version of ChromeDriver only supports Chrome version 95
Current browser version is 97.0.4692.71 with binary path C:\Program Files\Google\Chrome\Application\chrome.exe
Build info: version: &#039;3.141.59&#039;, revision: &#039;e82be7d358&#039;, time: &#039;2018-11-14T08:17:03&#039;
System info: host: &#039;DESKTOP-S7U6A62&#039;, ip: &#039;192.168.0.105&#039;, os.name: &#039;Windows 10&#039;, os.arch: &#039;amd64&#039;, os.version: &#039;10.0&#039;, java.version: &#039;15.0.2&#039;
Driver info: driver.version: ChromeDriver
remote stacktrace: Backtrace:
	Ordinal0 [0x011406F3+2492147]
	Ordinal0 [0x010D9BD1+2071505]
	Ordinal0 [0x00FE2478+1057912]
	Ordinal0 [0x01000631+1181233]
	Ordinal0 [0x00FFC43B+1164347]
	Ordinal0 [0x00FF9C9F+1154207]
	Ordinal0 [0x01029DFF+1351167]
	Ordinal0 [0x01029A6A+1350250]
	Ordinal0 [0x0102568B+1332875]
	Ordinal0 [0x010021D4+1188308]
	Ordinal0 [0x0100302F+1191983]
	GetHandleVerifier [0x012C67A6+1545030]
	GetHandleVerifier [0x0137105C+2243580]
	GetHandleVerifier [0x011CBC97+518199]
	GetHandleVerifier [0x011CAD80+514336]
	Ordinal0 [0x010DED2D+2092333]
	Ordinal0 [0x010E2EE8+2109160]
	Ordinal0 [0x010E3022+2109474]
	Ordinal0 [0x010ECB71+2149233]
	BaseThreadInitThunk [0x75AF6739+25]
	RtlGetFullPathName_UEx [0x77278AFF+1215]
	RtlGetFullPathName_UEx [0x77278ACD+1165]
" type="org.openqa.selenium.SessionNotCreatedException">
      <![CDATA[org.openqa.selenium.SessionNotCreatedException: session not created: This version of ChromeDriver only supports Chrome version 95
Current browser version is 97.0.4692.71 with binary path C:\Program Files\Google\Chrome\Application\chrome.exe
Build info: version: '3.141.59', revision: 'e82be7d358', time: '2018-11-14T08:17:03'
System info: host: 'DESKTOP-S7U6A62', ip: '192.168.0.105', os.name: 'Windows 10', os.arch: 'amd64', os.version: '10.0', java.version: '15.0.2'
Driver info: driver.version: ChromeDriver
remote stacktrace: Backtrace:
Ordinal0 [0x011406F3+2492147]
Ordinal0 [0x010D9BD1+2071505]
Ordinal0 [0x00FE2478+1057912]
Ordinal0 [0x01000631+1181233]
Ordinal0 [0x00FFC43B+1164347]
Ordinal0 [0x00FF9C9F+1154207]
Ordinal0 [0x01029DFF+1351167]
Ordinal0 [0x01029A6A+1350250]
Ordinal0 [0x0102568B+1332875]
Ordinal0 [0x010021D4+1188308]
Ordinal0 [0x0100302F+1191983]
GetHandleVerifier [0x012C67A6+1545030]
GetHandleVerifier [0x0137105C+2243580]
GetHandleVerifier [0x011CBC97+518199]
GetHandleVerifier [0x011CAD80+514336]
Ordinal0 [0x010DED2D+2092333]
Ordinal0 [0x010E2EE8+2109160]
Ordinal0 [0x010E3022+2109474]
Ordinal0 [0x010ECB71+2149233]
BaseThreadInitThunk [0x75AF6739+25]
RtlGetFullPathName_UEx [0x77278AFF+1215]
RtlGetFullPathName_UEx [0x77278ACD+1165]

at java.base/jdk.internal.reflect.NativeConstructorAccessorImpl.newInstance0(Native Method)
at java.base/jdk.internal.reflect.NativeConstructorAccessorImpl.newInstance(NativeConstructorAccessorImpl.java:64)
at java.base/jdk.internal.reflect.DelegatingConstructorAccessorImpl.newInstance(DelegatingConstructorAccessorImpl.java:45)
at java.base/java.lang.reflect.Constructor.newInstanceWithCaller(Constructor.java:500)
at java.base/java.lang.reflect.Constructor.newInstance(Constructor.java:481)
at org.openqa.selenium.remote.W3CHandshakeResponse.lambda$errorHandler$0(W3CHandshakeResponse.java:62)
at org.openqa.selenium.remote.HandshakeResponse.lambda$getResponseFunction$0(HandshakeResponse.java:30)
at org.openqa.selenium.remote.ProtocolHandshake.lambda$createSession$0(ProtocolHandshake.java:126)
at java.base/java.util.stream.ReferencePipeline$3$1.accept(ReferencePipeline.java:195)
at java.base/java.util.Spliterators$ArraySpliterator.tryAdvance(Spliterators.java:958)
at java.base/java.util.stream.ReferencePipeline.forEachWithCancel(ReferencePipeline.java:127)
at java.base/java.util.stream.AbstractPipeline.copyIntoWithCancel(AbstractPipeline.java:502)
at java.base/java.util.stream.AbstractPipeline.copyInto(AbstractPipeline.java:488)
at java.base/java.util.stream.AbstractPipeline.wrapAndCopyInto(AbstractPipeline.java:474)
at java.base/java.util.stream.FindOps$FindOp.evaluateSequential(FindOps.java:150)
at java.base/java.util.stream.AbstractPipeline.evaluate(AbstractPipeline.java:234)
at java.base/java.util.stream.ReferencePipeline.findFirst(ReferencePipeline.java:543)
at org.openqa.selenium.remote.ProtocolHandshake.createSession(ProtocolHandshake.java:128)
at org.openqa.selenium.remote.ProtocolHandshake.createSession(ProtocolHandshake.java:74)
at org.openqa.selenium.remote.HttpCommandExecutor.execute(HttpCommandExecutor.java:136)
at org.openqa.selenium.remote.service.DriverCommandExecutor.execute(DriverCommandExecutor.java:83)
at org.openqa.selenium.remote.RemoteWebDriver.execute(RemoteWebDriver.java:552)
at org.openqa.selenium.remote.RemoteWebDriver.startSession(RemoteWebDriver.java:213)
at org.openqa.selenium.remote.RemoteWebDriver.<init>(RemoteWebDriver.java:131)
at org.openqa.selenium.chrome.ChromeDriver.<init>(ChromeDriver.java:181)
at org.openqa.selenium.chrome.ChromeDriver.<init>(ChromeDriver.java:168)
at org.openqa.selenium.chrome.ChromeDriver.<init>(ChromeDriver.java:123)
at tests.BaseTest.setup(BaseTest.java:15)
at java.base/jdk.internal.reflect.NativeMethodAccessorImpl.invoke0(Native Method)
at java.base/jdk.internal.reflect.NativeMethodAccessorImpl.invoke(NativeMethodAccessorImpl.java:64)
at java.base/jdk.internal.reflect.DelegatingMethodAccessorImpl.invoke(DelegatingMethodAccessorImpl.java:43)
at java.base/java.lang.reflect.Method.invoke(Method.java:564)
at org.testng.internal.MethodInvocationHelper.invokeMethod(MethodInvocationHelper.java:124)
at org.testng.internal.MethodInvocationHelper.invokeMethodConsideringTimeout(MethodInvocationHelper.java:59)
at org.testng.internal.Invoker.invokeConfigurationMethod(Invoker.java:458)
at org.testng.internal.Invoker.invokeConfigurations(Invoker.java:222)
at org.testng.internal.Invoker.invokeConfigurations(Invoker.java:142)
at org.testng.TestRunner.beforeRun(TestRunner.java:529)
at org.testng.TestRunner.run(TestRunner.java:497)
at org.testng.SuiteRunner.runTest(SuiteRunner.java:455)
at org.testng.SuiteRunner.access$000(SuiteRunner.java:40)
at org.testng.SuiteRunner$SuiteWorker.run(SuiteRunner.java:489)
at org.testng.internal.thread.ThreadUtil$1.call(ThreadUtil.java:52)
at java.base/java.util.concurrent.FutureTask.run(FutureTask.java:264)
at java.base/java.util.concurrent.ThreadPoolExecutor.runWorker(ThreadPoolExecutor.java:1130)
at java.base/java.util.concurrent.ThreadPoolExecutor$Worker.run(ThreadPoolExecutor.java:630)
at java.base/java.lang.Thread.run(Thread.java:832)
]]>
    </error>
  </testcase> <!-- setup -->
  <testcase classname="tests.SearchResultPageTest" name="searchResultTest" time="0.000">
    <skipped/>
  </testcase> <!-- searchResultTest -->
  <testcase classname="tests.SearchResultPageTest" name="searchResultTest" time="0.000">
    <skipped/>
  </testcase> <!-- searchResultTest -->
</testsuite> <!-- tests.SearchResultPageTest -->
